{
  "RSpec": {
    "coverage": {
      "/home/lesktimo/projects/rorratebeer/app/models/rating.rb": [
        1,
        1,
        null,
        null,
        1,
        1,
        1,
        28,
        null,
        null
      ],
      "/home/lesktimo/projects/rorratebeer/app/helpers/application_helper.rb": [
        1,
        null
      ],
      "/home/lesktimo/projects/rorratebeer/app/helpers/beer_clubs_helper.rb": [
        1,
        null
      ],
      "/home/lesktimo/projects/rorratebeer/app/helpers/beers_helper.rb": [
        1,
        null
      ],
      "/home/lesktimo/projects/rorratebeer/app/helpers/breweries_helper.rb": [
        1,
        null
      ],
      "/home/lesktimo/projects/rorratebeer/app/helpers/memberships_helper.rb": [
        1,
        null
      ],
      "/home/lesktimo/projects/rorratebeer/app/helpers/users_helper.rb": [
        1,
        null
      ],
      "/home/lesktimo/projects/rorratebeer/lib/beermapping_api.rb": [
        1,
        1,
        3,
        null,
        3,
        3,
        null,
        3,
        null,
        2,
        2,
        4,
        null,
        null,
        null,
        1,
        3,
        null,
        null
      ],
      "/home/lesktimo/projects/rorratebeer/app/models/beer.rb": [
        1,
        1,
        1,
        1,
        1,
        1,
        1,
        1,
        2,
        null,
        null,
        null,
        null
      ],
      "/home/lesktimo/projects/rorratebeer/app/models/concerns/average_rating.rb": [
        1,
        1,
        null,
        1,
        36,
        null,
        null
      ],
      "/home/lesktimo/projects/rorratebeer/app/models/user.rb": [
        1,
        1,
        1,
        null,
        null,
        null,
        1,
        null,
        null,
        null,
        null,
        null,
        null,
        1,
        null,
        null,
        1,
        1,
        1,
        1,
        1,
        null,
        1,
        3,
        2,
        null,
        null,
        1,
        15,
        71,
        38,
        null,
        null,
        1,
        15,
        71,
        34,
        null,
        null,
        1,
        157,
        24,
        null,
        null,
        1,
        121,
        20,
        null,
        null
      ],
      "/home/lesktimo/projects/rorratebeer/app/models/application_record.rb": [
        1,
        1,
        null
      ],
      "/home/lesktimo/projects/rorratebeer/app/models/brewery.rb": [
        1,
        1,
        1,
        1,
        25,
        null,
        1,
        1,
        1,
        0,
        0,
        0,
        null,
        1,
        0,
        0,
        null,
        null
      ],
      "/home/lesktimo/projects/rorratebeer/app/controllers/beers_controller.rb": [
        1,
        1,
        1,
        null,
        null,
        1,
        0,
        null,
        null,
        null,
        null,
        1,
        null,
        null,
        null,
        1,
        2,
        null,
        null,
        null,
        1,
        null,
        null,
        null,
        null,
        1,
        2,
        null,
        2,
        2,
        2,
        1,
        null,
        2,
        1,
        null,
        null,
        null,
        null,
        null,
        null,
        1,
        0,
        0,
        0,
        0,
        null,
        0,
        0,
        null,
        null,
        null,
        null,
        null,
        null,
        1,
        0,
        0,
        0,
        0,
        null,
        null,
        null,
        1,
        4,
        4,
        null,
        null,
        1,
        null,
        1,
        1,
        null,
        null,
        null,
        1,
        2,
        null,
        null
      ],
      "/home/lesktimo/projects/rorratebeer/app/controllers/application_controller.rb": [
        1,
        null,
        null,
        1,
        null,
        1,
        null,
        1,
        122,
        56,
        null,
        null
      ],
      "/home/lesktimo/projects/rorratebeer/app/controllers/breweries_controller.rb": [
        1,
        1,
        1,
        null,
        null,
        null,
        null,
        1,
        3,
        null,
        null,
        null,
        null,
        null,
        1,
        null,
        null,
        null,
        1,
        0,
        null,
        null,
        null,
        1,
        null,
        null,
        null,
        null,
        1,
        0,
        null,
        0,
        0,
        0,
        0,
        null,
        0,
        0,
        null,
        null,
        null,
        null,
        null,
        null,
        1,
        0,
        0,
        0,
        0,
        null,
        0,
        0,
        null,
        null,
        null,
        null,
        null,
        null,
        1,
        0,
        0,
        0,
        0,
        null,
        null,
        null,
        1,
        null,
        1,
        1,
        null,
        null,
        null,
        1,
        0,
        null,
        null,
        null,
        1,
        null,
        1,
        0,
        0,
        0,
        null,
        null,
        null,
        null,
        null
      ],
      "/home/lesktimo/projects/rorratebeer/app/models/place.rb": [
        1,
        1,
        6,
        null,
        null
      ],
      "/home/lesktimo/projects/rorratebeer/app/controllers/places_controller.rb": [
        1,
        null,
        1,
        1,
        null,
        null,
        1,
        3,
        3,
        1,
        null,
        2,
        null,
        null,
        null
      ],
      "/home/lesktimo/projects/rorratebeer/app/controllers/sessions_controller.rb": [
        1,
        1,
        8,
        null,
        1,
        6,
        6,
        5,
        5,
        null,
        1,
        null,
        null,
        1,
        0,
        0,
        null,
        null
      ],
      "/home/lesktimo/projects/rorratebeer/app/controllers/users_controller.rb": [
        1,
        1,
        null,
        null,
        null,
        1,
        0,
        null,
        null,
        null,
        null,
        1,
        null,
        null,
        null,
        1,
        1,
        null,
        null,
        null,
        1,
        null,
        null,
        null,
        null,
        1,
        1,
        null,
        1,
        1,
        2,
        1,
        null,
        0,
        0,
        null,
        null,
        null,
        null,
        null,
        null,
        1,
        0,
        0,
        0,
        0,
        null,
        0,
        0,
        null,
        null,
        null,
        null,
        null,
        null,
        1,
        0,
        0,
        0,
        0,
        0,
        0,
        0,
        null,
        null,
        0,
        0,
        0,
        null,
        null,
        null,
        null,
        1,
        null,
        1,
        11,
        null,
        null,
        null,
        1,
        1,
        null,
        null
      ],
      "/home/lesktimo/projects/rorratebeer/app/models/membership.rb": [
        1,
        1,
        1,
        null
      ],
      "/home/lesktimo/projects/rorratebeer/app/models/beer_club.rb": [
        1,
        1,
        1,
        1,
        0,
        null,
        null
      ],
      "/home/lesktimo/projects/rorratebeer/app/controllers/ratings_controller.rb": [
        1,
        1,
        1,
        null,
        null,
        1,
        1,
        1,
        null,
        null,
        1,
        1,
        1,
        1,
        1,
        null,
        0,
        0,
        null,
        null,
        null,
        1,
        1,
        1,
        1,
        null,
        null,
        null
      ],
      "/home/lesktimo/projects/rorratebeer/app/jobs/application_job.rb": [
        0,
        0
      ],
      "/home/lesktimo/projects/rorratebeer/app/channels/application_cable/channel.rb": [
        0,
        0,
        0,
        0
      ],
      "/home/lesktimo/projects/rorratebeer/app/channels/application_cable/connection.rb": [
        0,
        0,
        0,
        0
      ],
      "/home/lesktimo/projects/rorratebeer/app/mailers/application_mailer.rb": [
        0,
        0,
        0,
        0
      ],
      "/home/lesktimo/projects/rorratebeer/app/controllers/concerns/ratings_controller.rb": [
        0,
        0,
        0,
        0
      ],
      "/home/lesktimo/projects/rorratebeer/app/controllers/memberships_controller.rb": [
        0,
        0,
        0,
        0,
        0,
        0,
        0,
        0,
        0,
        0,
        0,
        0,
        0,
        0,
        0,
        0,
        0,
        0,
        0,
        0,
        0,
        0,
        0,
        0,
        0,
        0,
        0,
        0,
        0,
        0,
        0,
        0,
        0,
        0,
        0,
        0,
        0,
        0,
        0,
        0,
        0,
        0,
        0,
        0,
        0,
        0,
        0,
        0,
        0,
        0,
        0,
        0,
        0,
        0,
        0,
        0,
        0,
        0,
        0,
        0,
        0,
        0,
        0,
        0,
        0,
        0,
        0,
        0,
        0,
        0,
        0,
        0,
        0,
        0,
        0,
        0,
        0
      ],
      "/home/lesktimo/projects/rorratebeer/app/controllers/beer_clubs_controller.rb": [
        0,
        0,
        0,
        0,
        0,
        0,
        0,
        0,
        0,
        0,
        0,
        0,
        0,
        0,
        0,
        0,
        0,
        0,
        0,
        0,
        0,
        0,
        0,
        0,
        0,
        0,
        0,
        0,
        0,
        0,
        0,
        0,
        0,
        0,
        0,
        0,
        0,
        0,
        0,
        0,
        0,
        0,
        0,
        0,
        0,
        0,
        0,
        0,
        0,
        0,
        0,
        0,
        0,
        0,
        0,
        0,
        0,
        0,
        0,
        0,
        0,
        0,
        0,
        0,
        0,
        0,
        0,
        0,
        0,
        0,
        0,
        0,
        0,
        0
      ]
    },
    "timestamp": 1487533319
  }
}
